<?xml version="1.0" encoding="UTF-8"?>
<coverage generated="1774697164156" clover="3.2.0">
  <project timestamp="1774697164157" name="All files">
    <metrics statements="67" coveredstatements="64" conditionals="42" coveredconditionals="37" methods="21" coveredmethods="20" elements="130" coveredelements="121" complexity="0" loc="67" ncloc="67" packages="5" files="10" classes="10"/>
    <package name="components">
      <metrics statements="24" coveredstatements="23" conditionals="20" coveredconditionals="17" methods="12" coveredmethods="11"/>
      <file name="TaskCard.module.css" path="K:\study\NCEU_test\src\components\TaskCard.module.css">
        <metrics statements="0" coveredstatements="0" conditionals="0" coveredconditionals="0" methods="0" coveredmethods="0"/>
      </file>
      <file name="TaskCard.tsx" path="K:\study\NCEU_test\src\components\TaskCard.tsx">
        <metrics statements="11" coveredstatements="10" conditionals="11" coveredconditionals="10" methods="5" coveredmethods="4"/>
        <line num="15" count="1" type="stmt"/>
        <line num="21" count="1" type="stmt"/>
        <line num="27" count="1" type="stmt"/>
        <line num="33" count="3" type="stmt"/>
        <line num="35" count="1" type="stmt"/>
        <line num="40" count="3" type="cond" truecount="2" falsecount="0"/>
        <line num="42" count="3" type="stmt"/>
        <line num="43" count="0" type="stmt"/>
        <line num="46" count="3" type="stmt"/>
        <line num="63" count="1" type="stmt"/>
        <line num="104" count="6" type="stmt"/>
      </file>
      <file name="TaskFilters.tsx" path="K:\study\NCEU_test\src\components\TaskFilters.tsx">
        <metrics statements="7" coveredstatements="7" conditionals="0" coveredconditionals="0" methods="6" coveredmethods="6"/>
        <line num="26" count="1" type="stmt"/>
        <line num="40" count="7" type="stmt"/>
        <line num="45" count="5" type="stmt"/>
        <line num="56" count="1" type="stmt"/>
        <line num="65" count="1" type="stmt"/>
        <line num="73" count="11" type="stmt"/>
        <line num="74" count="1" type="stmt"/>
      </file>
      <file name="TructatedText.tsx" path="K:\study\NCEU_test\src\components\TructatedText.tsx">
        <metrics statements="6" coveredstatements="6" conditionals="9" coveredconditionals="7" methods="1" coveredmethods="1"/>
        <line num="21" count="5" type="stmt"/>
        <line num="23" count="5" type="cond" truecount="2" falsecount="0"/>
        <line num="25" count="1" type="stmt"/>
        <line num="37" count="1" type="cond" truecount="1" falsecount="1"/>
        <line num="41" count="4" type="stmt"/>
        <line num="54" count="4" type="cond" truecount="1" falsecount="1"/>
      </file>
    </package>
    <package name="constants">
      <metrics statements="6" coveredstatements="6" conditionals="0" coveredconditionals="0" methods="0" coveredmethods="0"/>
      <file name="index.ts" path="K:\study\NCEU_test\src\constants\index.ts">
        <metrics statements="6" coveredstatements="6" conditionals="0" coveredconditionals="0" methods="0" coveredmethods="0"/>
        <line num="9" count="2" type="stmt"/>
        <line num="11" count="2" type="stmt"/>
        <line num="17" count="2" type="stmt"/>
        <line num="23" count="2" type="stmt"/>
        <line num="29" count="2" type="stmt"/>
        <line num="35" count="2" type="stmt"/>
      </file>
    </package>
    <package name="hooks.use-task-filters">
      <metrics statements="24" coveredstatements="22" conditionals="18" coveredconditionals="16" methods="6" coveredmethods="6"/>
      <file name="task-filters-logic.ts" path="K:\study\NCEU_test\src\hooks\use-task-filters\task-filters-logic.ts">
        <metrics statements="23" coveredstatements="21" conditionals="18" coveredconditionals="16" methods="6" coveredmethods="6"/>
        <line num="4" count="1" type="stmt"/>
        <line num="6" count="4" type="stmt"/>
        <line num="8" count="3" type="stmt"/>
        <line num="10" count="3" type="stmt"/>
        <line num="12" count="4" type="stmt"/>
        <line num="22" count="7" type="stmt"/>
        <line num="23" count="7" type="stmt"/>
        <line num="24" count="7" type="stmt"/>
        <line num="26" count="7" type="stmt"/>
        <line num="27" count="21" type="cond" truecount="2" falsecount="0"/>
        <line num="34" count="6" type="stmt"/>
        <line num="37" count="15" type="stmt"/>
        <line num="40" count="7" type="stmt"/>
        <line num="41" count="7" type="stmt"/>
        <line num="53" count="21" type="cond" truecount="4" falsecount="0"/>
        <line num="54" count="4" type="stmt"/>
        <line num="57" count="17" type="cond" truecount="4" falsecount="0"/>
        <line num="58" count="2" type="stmt"/>
        <line num="61" count="15" type="cond" truecount="3" falsecount="1"/>
        <line num="62" count="0" type="stmt"/>
        <line num="65" count="15" type="cond" truecount="3" falsecount="1"/>
        <line num="66" count="0" type="stmt"/>
        <line num="69" count="15" type="stmt"/>
      </file>
      <file name="task-filters-state.ts" path="K:\study\NCEU_test\src\hooks\use-task-filters\task-filters-state.ts">
        <metrics statements="1" coveredstatements="1" conditionals="0" coveredconditionals="0" methods="0" coveredmethods="0"/>
        <line num="13" count="1" type="stmt"/>
      </file>
    </package>
    <package name="schemas">
      <metrics statements="1" coveredstatements="1" conditionals="0" coveredconditionals="0" methods="0" coveredmethods="0"/>
      <file name="taskSchema.ts" path="K:\study\NCEU_test\src\schemas\taskSchema.ts">
        <metrics statements="1" coveredstatements="1" conditionals="0" coveredconditionals="0" methods="0" coveredmethods="0"/>
        <line num="3" count="1" type="stmt"/>
      </file>
    </package>
    <package name="utils">
      <metrics statements="12" coveredstatements="12" conditionals="4" coveredconditionals="4" methods="3" coveredmethods="3"/>
      <file name="dateUtils.ts" path="K:\study\NCEU_test\src\utils\dateUtils.ts">
        <metrics statements="12" coveredstatements="12" conditionals="4" coveredconditionals="4" methods="3" coveredmethods="3"/>
        <line num="2" count="5" type="stmt"/>
        <line num="3" count="5" type="stmt"/>
        <line num="4" count="5" type="stmt"/>
        <line num="5" count="5" type="stmt"/>
        <line num="9" count="5" type="stmt"/>
        <line num="10" count="5" type="cond" truecount="2" falsecount="0"/>
        <line num="11" count="1" type="stmt"/>
        <line num="14" count="4" type="stmt"/>
        <line num="22" count="2" type="stmt"/>
        <line num="23" count="2" type="cond" truecount="2" falsecount="0"/>
        <line num="24" count="1" type="stmt"/>
        <line num="27" count="1" type="stmt"/>
      </file>
      <file name="index.ts" path="K:\study\NCEU_test\src\utils\index.ts">
        <metrics statements="0" coveredstatements="0" conditionals="0" coveredconditionals="0" methods="0" coveredmethods="0"/>
      </file>
    </package>
  </project>
</coverage>
