{"K:\\study\\NCEU_test\\src\\components\\TaskCard.module.css": {"path":"K:\\study\\NCEU_test\\src\\components\\TaskCard.module.css","statementMap":{},"fnMap":{},"branchMap":{},"s":{},"f":{},"b":{},"meta":{"lastBranch":0,"lastFunction":0,"lastStatement":0,"seen":{}}}
,"K:\\study\\NCEU_test\\src\\components\\TaskCard.tsx": {"path":"K:\\study\\NCEU_test\\src\\components\\TaskCard.tsx","statementMap":{"0":{"start":{"line":15,"column":54},"end":{"line":19,"column":null}},"1":{"start":{"line":21,"column":63},"end":{"line":25,"column":null}},"2":{"start":{"line":27,"column":69},"end":{"line":31,"column":null}},"3":{"start":{"line":33,"column":6},"end":{"line":33,"column":null}},"4":{"start":{"line":33,"column":49},"end":{"line":33,"column":null}},"5":{"start":{"line":35,"column":13},"end":{"line":123,"column":null}},"6":{"start":{"line":40,"column":20},"end":{"line":40,"column":68}},"7":{"start":{"line":42,"column":8},"end":{"line":43,"column":null}},"8":{"start":{"line":43,"column":4},"end":{"line":43,"column":null}},"9":{"start":{"line":46,"column":2},"end":{"line":121,"column":null}},"10":{"start":{"line":63,"column":35},"end":{"line":63,"column":null}},"11":{"start":{"line":104,"column":16},"end":{"line":110,"column":null}}},"fnMap":{"0":{"name":"(anonymous_0)","decl":{"start":{"line":33,"column":6},"end":{"line":33,"column":26}},"loc":{"start":{"line":33,"column":49},"end":{"line":33,"column":null}},"line":33},"1":{"name":"TaskCard","decl":{"start":{"line":35,"column":38},"end":{"line":35,"column":47}},"loc":{"start":{"line":39,"column":18},"end":{"line":123,"column":null}},"line":39},"2":{"name":"(anonymous_2)","decl":{"start":{"line":42,"column":8},"end":{"line":42,"column":25}},"loc":{"start":{"line":42,"column":60},"end":{"line":43,"column":null}},"line":42},"3":{"name":"(anonymous_3)","decl":{"start":{"line":63,"column":14},"end":{"line":63,"column":25}},"loc":{"start":{"line":63,"column":35},"end":{"line":63,"column":null}},"line":63},"4":{"name":"(anonymous_4)","decl":{"start":{"line":103,"column":25},"end":{"line":103,"column":30}},"loc":{"start":{"line":104,"column":16},"end":{"line":110,"column":null}},"line":104}},"branchMap":{"0":{"loc":{"start":{"line":37,"column":2},"end":{"line":37,"column":null}},"type":"default-arg","locations":[{"start":{"line":37,"column":21},"end":{"line":37,"column":null}}],"line":37},"1":{"loc":{"start":{"line":40,"column":20},"end":{"line":40,"column":68}},"type":"binary-expr","locations":[{"start":{"line":40,"column":20},"end":{"line":40,"column":46}},{"start":{"line":40,"column":36},"end":{"line":40,"column":68}}],"line":40},"2":{"loc":{"start":{"line":50,"column":53},"end":{"line":50,"column":null}},"type":"cond-expr","locations":[{"start":{"line":50,"column":65},"end":{"line":50,"column":83}},{"start":{"line":50,"column":83},"end":{"line":50,"column":null}}],"line":50},"3":{"loc":{"start":{"line":83,"column":11},"end":{"line":83,"column":null}},"type":"binary-expr","locations":[{"start":{"line":83,"column":11},"end":{"line":83,"column":31}},{"start":{"line":83,"column":31},"end":{"line":83,"column":null}}],"line":83},"4":{"loc":{"start":{"line":94,"column":38},"end":{"line":94,"column":null}},"type":"cond-expr","locations":[{"start":{"line":94,"column":50},"end":{"line":94,"column":72}},{"start":{"line":94,"column":72},"end":{"line":94,"column":null}}],"line":94},"5":{"loc":{"start":{"line":114,"column":11},"end":{"line":118,"column":null}},"type":"cond-expr","locations":[{"start":{"line":115,"column":12},"end":{"line":118,"column":null}},{"start":{"line":118,"column":14},"end":{"line":118,"column":null}}],"line":114}},"s":{"0":1,"1":1,"2":1,"3":1,"4":3,"5":1,"6":3,"7":3,"8":0,"9":3,"10":1,"11":6},"f":{"0":3,"1":3,"2":0,"3":1,"4":6},"b":{"0":[3],"1":[3,2],"2":[2,1],"3":[3,0],"4":[2,1],"5":[2,1]},"meta":{"lastBranch":6,"lastFunction":5,"lastStatement":12,"seen":{"s:15:54:19:Infinity":0,"s:21:63:25:Infinity":1,"s:27:69:31:Infinity":2,"s:33:6:33:Infinity":3,"f:33:6:33:26":0,"s:33:49:33:Infinity":4,"s:35:13:123:Infinity":5,"f:35:38:35:47":1,"b:37:21:37:Infinity":0,"s:40:20:40:68":6,"b:40:20:40:46:40:36:40:68":1,"s:42:8:43:Infinity":7,"f:42:8:42:25":2,"s:43:4:43:Infinity":8,"s:46:2:121:Infinity":9,"b:50:65:50:83:50:83:50:Infinity":2,"f:63:14:63:25":3,"s:63:35:63:Infinity":10,"b:83:11:83:31:83:31:83:Infinity":3,"b:94:50:94:72:94:72:94:Infinity":4,"f:103:25:103:30":4,"s:104:16:110:Infinity":11,"b:115:12:118:Infinity:118:14:118:Infinity":5}}}
,"K:\\study\\NCEU_test\\src\\components\\TaskFilters.tsx": {"path":"K:\\study\\NCEU_test\\src\\components\\TaskFilters.tsx","statementMap":{"0":{"start":{"line":26,"column":13},"end":{"line":87,"column":null}},"1":{"start":{"line":40,"column":2},"end":{"line":84,"column":null}},"2":{"start":{"line":45,"column":29},"end":{"line":45,"column":63}},"3":{"start":{"line":56,"column":29},"end":{"line":56,"column":null}},"4":{"start":{"line":65,"column":29},"end":{"line":65,"column":null}},"5":{"start":{"line":73,"column":46},"end":{"line":73,"column":82}},"6":{"start":{"line":74,"column":29},"end":{"line":74,"column":null}}},"fnMap":{"0":{"name":"TaskFilters","decl":{"start":{"line":26,"column":41},"end":{"line":26,"column":53}},"loc":{"start":{"line":39,"column":21},"end":{"line":87,"column":null}},"line":39},"1":{"name":"(anonymous_1)","decl":{"start":{"line":45,"column":8},"end":{"line":45,"column":19}},"loc":{"start":{"line":45,"column":29},"end":{"line":45,"column":63}},"line":45},"2":{"name":"(anonymous_2)","decl":{"start":{"line":56,"column":8},"end":{"line":56,"column":19}},"loc":{"start":{"line":56,"column":29},"end":{"line":56,"column":null}},"line":56},"3":{"name":"(anonymous_3)","decl":{"start":{"line":65,"column":8},"end":{"line":65,"column":19}},"loc":{"start":{"line":65,"column":29},"end":{"line":65,"column":null}},"line":65},"4":{"name":"(anonymous_4)","decl":{"start":{"line":73,"column":28},"end":{"line":73,"column":33}},"loc":{"start":{"line":73,"column":46},"end":{"line":73,"column":82}},"line":73},"5":{"name":"(anonymous_5)","decl":{"start":{"line":74,"column":8},"end":{"line":74,"column":19}},"loc":{"start":{"line":74,"column":29},"end":{"line":74,"column":null}},"line":74}},"branchMap":{},"s":{"0":1,"1":7,"2":5,"3":1,"4":1,"5":11,"6":1},"f":{"0":7,"1":5,"2":1,"3":1,"4":11,"5":1},"b":{},"meta":{"lastBranch":0,"lastFunction":6,"lastStatement":7,"seen":{"s:26:13:87:Infinity":0,"f:26:41:26:53":0,"s:40:2:84:Infinity":1,"f:45:8:45:19":1,"s:45:29:45:63":2,"f:56:8:56:19":2,"s:56:29:56:Infinity":3,"f:65:8:65:19":3,"s:65:29:65:Infinity":4,"f:73:28:73:33":4,"s:73:46:73:82":5,"f:74:8:74:19":5,"s:74:29:74:Infinity":6}}}
,"K:\\study\\NCEU_test\\src\\components\\TructatedText.tsx": {"path":"K:\\study\\NCEU_test\\src\\components\\TructatedText.tsx","statementMap":{"0":{"start":{"line":21,"column":21},"end":{"line":21,"column":53}},"1":{"start":{"line":23,"column":2},"end":{"line":37,"column":null}},"2":{"start":{"line":25,"column":6},"end":{"line":34,"column":null}},"3":{"start":{"line":37,"column":4},"end":{"line":37,"column":null}},"4":{"start":{"line":41,"column":4},"end":{"line":51,"column":null}},"5":{"start":{"line":54,"column":2},"end":{"line":54,"column":null}}},"fnMap":{"0":{"name":"TructatedText","decl":{"start":{"line":13,"column":16},"end":{"line":13,"column":30}},"loc":{"start":{"line":20,"column":23},"end":{"line":54,"column":null}},"line":20}},"branchMap":{"0":{"loc":{"start":{"line":15,"column":2},"end":{"line":15,"column":null}},"type":"default-arg","locations":[{"start":{"line":15,"column":9},"end":{"line":15,"column":null}}],"line":15},"1":{"loc":{"start":{"line":17,"column":2},"end":{"line":17,"column":null}},"type":"default-arg","locations":[{"start":{"line":17,"column":11},"end":{"line":17,"column":null}}],"line":17},"2":{"loc":{"start":{"line":19,"column":2},"end":{"line":19,"column":null}},"type":"default-arg","locations":[{"start":{"line":19,"column":7},"end":{"line":19,"column":null}}],"line":19},"3":{"loc":{"start":{"line":23,"column":2},"end":{"line":37,"column":null}},"type":"if","locations":[{"start":{"line":23,"column":2},"end":{"line":37,"column":null}},{"start":{},"end":{}}],"line":23},"4":{"loc":{"start":{"line":37,"column":11},"end":{"line":37,"column":null}},"type":"cond-expr","locations":[{"start":{"line":37,"column":24},"end":{"line":37,"column":null}},{"start":{"line":37,"column":69},"end":{"line":37,"column":null}}],"line":37},"5":{"loc":{"start":{"line":54,"column":9},"end":{"line":54,"column":null}},"type":"cond-expr","locations":[{"start":{"line":54,"column":22},"end":{"line":54,"column":null}},{"start":{"line":54,"column":72},"end":{"line":54,"column":null}}],"line":54}},"s":{"0":5,"1":5,"2":1,"3":1,"4":4,"5":4},"f":{"0":5},"b":{"0":[5],"1":[5],"2":[5],"3":[1,4],"4":[0,1],"5":[0,4]},"meta":{"lastBranch":6,"lastFunction":1,"lastStatement":6,"seen":{"f:13:16:13:30":0,"b:15:9:15:Infinity":0,"b:17:11:17:Infinity":1,"b:19:7:19:Infinity":2,"s:21:21:21:53":0,"b:23:2:37:Infinity:undefined:undefined:undefined:undefined":3,"s:23:2:37:Infinity":1,"s:25:6:34:Infinity":2,"s:37:4:37:Infinity":3,"b:37:24:37:Infinity:37:69:37:Infinity":4,"s:41:4:51:Infinity":4,"s:54:2:54:Infinity":5,"b:54:22:54:Infinity:54:72:54:Infinity":5}}}
,"K:\\study\\NCEU_test\\src\\constants\\index.ts": {"path":"K:\\study\\NCEU_test\\src\\constants\\index.ts","statementMap":{"0":{"start":{"line":9,"column":25},"end":{"line":9,"column":null}},"1":{"start":{"line":11,"column":57},"end":{"line":15,"column":null}},"2":{"start":{"line":17,"column":61},"end":{"line":21,"column":null}},"3":{"start":{"line":23,"column":75},"end":{"line":27,"column":null}},"4":{"start":{"line":29,"column":79},"end":{"line":33,"column":null}},"5":{"start":{"line":35,"column":74},"end":{"line":40,"column":null}}},"fnMap":{},"branchMap":{},"s":{"0":2,"1":2,"2":2,"3":2,"4":2,"5":2},"f":{},"b":{},"meta":{"lastBranch":0,"lastFunction":0,"lastStatement":6,"seen":{"s:9:25:9:Infinity":0,"s:11:57:15:Infinity":1,"s:17:61:21:Infinity":2,"s:23:75:27:Infinity":3,"s:29:79:33:Infinity":4,"s:35:74:40:Infinity":5}}}
,"K:\\study\\NCEU_test\\src\\hooks\\use-task-filters\\task-filters-logic.ts": {"path":"K:\\study\\NCEU_test\\src\\hooks\\use-task-filters\\task-filters-logic.ts","statementMap":{"0":{"start":{"line":4,"column":25},"end":{"line":13,"column":null}},"1":{"start":{"line":6,"column":4},"end":{"line":6,"column":76}},"2":{"start":{"line":8,"column":4},"end":{"line":8,"column":76}},"3":{"start":{"line":10,"column":4},"end":{"line":10,"column":74}},"4":{"start":{"line":12,"column":4},"end":{"line":12,"column":null}},"5":{"start":{"line":22,"column":27},"end":{"line":22,"column":62}},"6":{"start":{"line":23,"column":27},"end":{"line":23,"column":29}},"7":{"start":{"line":24,"column":25},"end":{"line":24,"column":null}},"8":{"start":{"line":26,"column":2},"end":{"line":37,"column":null}},"9":{"start":{"line":27,"column":4},"end":{"line":34,"column":null}},"10":{"start":{"line":34,"column":6},"end":{"line":34,"column":null}},"11":{"start":{"line":37,"column":4},"end":{"line":37,"column":null}},"12":{"start":{"line":40,"column":2},"end":{"line":40,"column":null}},"13":{"start":{"line":41,"column":2},"end":{"line":41,"column":null}},"14":{"start":{"line":53,"column":2},"end":{"line":54,"column":null}},"15":{"start":{"line":54,"column":4},"end":{"line":54,"column":null}},"16":{"start":{"line":57,"column":2},"end":{"line":58,"column":null}},"17":{"start":{"line":58,"column":4},"end":{"line":58,"column":null}},"18":{"start":{"line":61,"column":2},"end":{"line":62,"column":null}},"19":{"start":{"line":62,"column":4},"end":{"line":62,"column":null}},"20":{"start":{"line":65,"column":2},"end":{"line":66,"column":null}},"21":{"start":{"line":66,"column":4},"end":{"line":66,"column":null}},"22":{"start":{"line":69,"column":2},"end":{"line":69,"column":null}}},"fnMap":{"0":{"name":"(anonymous_0)","decl":{"start":{"line":5,"column":2},"end":{"line":5,"column":17}},"loc":{"start":{"line":6,"column":4},"end":{"line":6,"column":76}},"line":6},"1":{"name":"(anonymous_1)","decl":{"start":{"line":7,"column":2},"end":{"line":7,"column":18}},"loc":{"start":{"line":8,"column":4},"end":{"line":8,"column":76}},"line":8},"2":{"name":"(anonymous_2)","decl":{"start":{"line":9,"column":2},"end":{"line":9,"column":16}},"loc":{"start":{"line":10,"column":4},"end":{"line":10,"column":74}},"line":10},"3":{"name":"(anonymous_3)","decl":{"start":{"line":11,"column":2},"end":{"line":11,"column":17}},"loc":{"start":{"line":12,"column":4},"end":{"line":12,"column":null}},"line":12},"4":{"name":"filterAndSortTasks","decl":{"start":{"line":15,"column":16},"end":{"line":15,"column":35}},"loc":{"start":{"line":21,"column":11},"end":{"line":41,"column":null}},"line":21},"5":{"name":"matchesTaskFilters","decl":{"start":{"line":44,"column":9},"end":{"line":44,"column":28}},"loc":{"start":{"line":52,"column":12},"end":{"line":69,"column":null}},"line":52}},"branchMap":{"0":{"loc":{"start":{"line":27,"column":4},"end":{"line":34,"column":null}},"type":"if","locations":[{"start":{"line":27,"column":4},"end":{"line":34,"column":null}},{"start":{},"end":{}}],"line":27},"1":{"loc":{"start":{"line":53,"column":2},"end":{"line":54,"column":null}},"type":"if","locations":[{"start":{"line":53,"column":2},"end":{"line":54,"column":null}},{"start":{},"end":{}}],"line":53},"2":{"loc":{"start":{"line":53,"column":6},"end":{"line":53,"column":78}},"type":"binary-expr","locations":[{"start":{"line":53,"column":6},"end":{"line":53,"column":26}},{"start":{"line":53,"column":26},"end":{"line":53,"column":78}}],"line":53},"3":{"loc":{"start":{"line":57,"column":2},"end":{"line":58,"column":null}},"type":"if","locations":[{"start":{"line":57,"column":2},"end":{"line":58,"column":null}},{"start":{},"end":{}}],"line":57},"4":{"loc":{"start":{"line":57,"column":6},"end":{"line":57,"column":56}},"type":"binary-expr","locations":[{"start":{"line":57,"column":6},"end":{"line":57,"column":24}},{"start":{"line":57,"column":24},"end":{"line":57,"column":56}}],"line":57},"5":{"loc":{"start":{"line":61,"column":2},"end":{"line":62,"column":null}},"type":"if","locations":[{"start":{"line":61,"column":2},"end":{"line":62,"column":null}},{"start":{},"end":{}}],"line":61},"6":{"loc":{"start":{"line":61,"column":6},"end":{"line":61,"column":62}},"type":"binary-expr","locations":[{"start":{"line":61,"column":6},"end":{"line":61,"column":26}},{"start":{"line":61,"column":26},"end":{"line":61,"column":62}}],"line":61},"7":{"loc":{"start":{"line":65,"column":2},"end":{"line":66,"column":null}},"type":"if","locations":[{"start":{"line":65,"column":2},"end":{"line":66,"column":null}},{"start":{},"end":{}}],"line":65},"8":{"loc":{"start":{"line":65,"column":6},"end":{"line":65,"column":53}},"type":"binary-expr","locations":[{"start":{"line":65,"column":6},"end":{"line":65,"column":21}},{"start":{"line":65,"column":21},"end":{"line":65,"column":53}}],"line":65}},"s":{"0":1,"1":4,"2":3,"3":3,"4":4,"5":7,"6":7,"7":7,"8":7,"9":21,"10":6,"11":15,"12":7,"13":7,"14":21,"15":4,"16":17,"17":2,"18":15,"19":0,"20":15,"21":0,"22":15},"f":{"0":4,"1":3,"2":3,"3":4,"4":7,"5":21},"b":{"0":[6,15],"1":[4,17],"2":[21,6],"3":[2,15],"4":[17,4],"5":[0,15],"6":[15,2],"7":[0,15],"8":[15,2]},"meta":{"lastBranch":9,"lastFunction":6,"lastStatement":23,"seen":{"s:4:25:13:Infinity":0,"f:5:2:5:17":0,"s:6:4:6:76":1,"f:7:2:7:18":1,"s:8:4:8:76":2,"f:9:2:9:16":2,"s:10:4:10:74":3,"f:11:2:11:17":3,"s:12:4:12:Infinity":4,"f:15:16:15:35":4,"s:22:27:22:62":5,"s:23:27:23:29":6,"s:24:25:24:Infinity":7,"s:26:2:37:Infinity":8,"b:27:4:34:Infinity:undefined:undefined:undefined:undefined":0,"s:27:4:34:Infinity":9,"s:34:6:34:Infinity":10,"s:37:4:37:Infinity":11,"s:40:2:40:Infinity":12,"s:41:2:41:Infinity":13,"f:44:9:44:28":5,"b:53:2:54:Infinity:undefined:undefined:undefined:undefined":1,"s:53:2:54:Infinity":14,"b:53:6:53:26:53:26:53:78":2,"s:54:4:54:Infinity":15,"b:57:2:58:Infinity:undefined:undefined:undefined:undefined":3,"s:57:2:58:Infinity":16,"b:57:6:57:24:57:24:57:56":4,"s:58:4:58:Infinity":17,"b:61:2:62:Infinity:undefined:undefined:undefined:undefined":5,"s:61:2:62:Infinity":18,"b:61:6:61:26:61:26:61:62":6,"s:62:4:62:Infinity":19,"b:65:2:66:Infinity:undefined:undefined:undefined:undefined":7,"s:65:2:66:Infinity":20,"b:65:6:65:21:65:21:65:53":8,"s:66:4:66:Infinity":21,"s:69:2:69:Infinity":22}}}
,"K:\\study\\NCEU_test\\src\\hooks\\use-task-filters\\task-filters-state.ts": {"path":"K:\\study\\NCEU_test\\src\\hooks\\use-task-filters\\task-filters-state.ts","statementMap":{"0":{"start":{"line":13,"column":54},"end":{"line":20,"column":null}}},"fnMap":{},"branchMap":{},"s":{"0":1},"f":{},"b":{},"meta":{"lastBranch":0,"lastFunction":0,"lastStatement":1,"seen":{"s:13:54:20:Infinity":0}}}
,"K:\\study\\NCEU_test\\src\\schemas\\taskSchema.ts": {"path":"K:\\study\\NCEU_test\\src\\schemas\\taskSchema.ts","statementMap":{"0":{"start":{"line":3,"column":26},"end":{"line":14,"column":2}}},"fnMap":{},"branchMap":{},"s":{"0":1},"f":{},"b":{},"meta":{"lastBranch":0,"lastFunction":0,"lastStatement":1,"seen":{"s:3:26:14:2":0}}}
,"K:\\study\\NCEU_test\\src\\utils\\dateUtils.ts": {"path":"K:\\study\\NCEU_test\\src\\utils\\dateUtils.ts","statementMap":{"0":{"start":{"line":2,"column":14},"end":{"line":2,"column":24}},"1":{"start":{"line":3,"column":23},"end":{"line":3,"column":41}},"2":{"start":{"line":4,"column":2},"end":{"line":4,"column":null}},"3":{"start":{"line":5,"column":2},"end":{"line":5,"column":null}},"4":{"start":{"line":9,"column":15},"end":{"line":9,"column":33}},"5":{"start":{"line":10,"column":2},"end":{"line":11,"column":null}},"6":{"start":{"line":11,"column":4},"end":{"line":11,"column":null}},"7":{"start":{"line":14,"column":2},"end":{"line":18,"column":null}},"8":{"start":{"line":22,"column":15},"end":{"line":22,"column":30}},"9":{"start":{"line":23,"column":2},"end":{"line":24,"column":null}},"10":{"start":{"line":24,"column":4},"end":{"line":24,"column":null}},"11":{"start":{"line":27,"column":2},"end":{"line":33,"column":null}}},"fnMap":{"0":{"name":"overdue","decl":{"start":{"line":1,"column":16},"end":{"line":1,"column":24}},"loc":{"start":{"line":1,"column":51},"end":{"line":5,"column":null}},"line":1},"1":{"name":"formatDeadline","decl":{"start":{"line":8,"column":16},"end":{"line":8,"column":31}},"loc":{"start":{"line":8,"column":57},"end":{"line":18,"column":null}},"line":8},"2":{"name":"formatDateTime","decl":{"start":{"line":21,"column":16},"end":{"line":21,"column":31}},"loc":{"start":{"line":21,"column":54},"end":{"line":33,"column":null}},"line":21}},"branchMap":{"0":{"loc":{"start":{"line":10,"column":2},"end":{"line":11,"column":null}},"type":"if","locations":[{"start":{"line":10,"column":2},"end":{"line":11,"column":null}},{"start":{},"end":{}}],"line":10},"1":{"loc":{"start":{"line":23,"column":2},"end":{"line":24,"column":null}},"type":"if","locations":[{"start":{"line":23,"column":2},"end":{"line":24,"column":null}},{"start":{},"end":{}}],"line":23}},"s":{"0":5,"1":5,"2":5,"3":5,"4":5,"5":5,"6":1,"7":4,"8":2,"9":2,"10":1,"11":1},"f":{"0":5,"1":5,"2":2},"b":{"0":[1,4],"1":[1,1]},"meta":{"lastBranch":2,"lastFunction":3,"lastStatement":12,"seen":{"f:1:16:1:24":0,"s:2:14:2:24":0,"s:3:23:3:41":1,"s:4:2:4:Infinity":2,"s:5:2:5:Infinity":3,"f:8:16:8:31":1,"s:9:15:9:33":4,"b:10:2:11:Infinity:undefined:undefined:undefined:undefined":0,"s:10:2:11:Infinity":5,"s:11:4:11:Infinity":6,"s:14:2:18:Infinity":7,"f:21:16:21:31":2,"s:22:15:22:30":8,"b:23:2:24:Infinity:undefined:undefined:undefined:undefined":1,"s:23:2:24:Infinity":9,"s:24:4:24:Infinity":10,"s:27:2:33:Infinity":11}}}
,"K:\\study\\NCEU_test\\src\\utils\\index.ts": {"path":"K:\\study\\NCEU_test\\src\\utils\\index.ts","statementMap":{},"fnMap":{},"branchMap":{},"s":{},"f":{},"b":{},"meta":{"lastBranch":0,"lastFunction":0,"lastStatement":0,"seen":{}}}
}
